<?xml version="1.0" encoding="UTF-8"?>
<testng-results total="1" passed="1" failed="0" skipped="0">
  <reporter-output>
  </reporter-output>
  <suite started-at="2020-05-11T08:31:37Z" name="PetClinic Suite" finished-at="2020-05-11T08:31:49Z" duration-ms="11687">
    <groups>
    </groups>
    <test started-at="2020-05-11T08:31:37Z" name="petclinic test" finished-at="2020-05-11T08:31:49Z" duration-ms="11687">
      <class name="selenium.automation.test.PetClinicTest">
        <test-method is-config="true" signature="setUp()[pri:0, instance:selenium.automation.test.PetClinicTest@c267ef4]" started-at="2020-05-11T14:01:37Z" name="setUp" finished-at="2020-05-11T14:01:39Z" duration-ms="1191" status="PASS">
          <reporter-output>
          </reporter-output>
        </test-method> <!-- setUp -->
        <test-method signature="testNewOwnerForm()[pri:0, instance:selenium.automation.test.PetClinicTest@c267ef4]" started-at="2020-05-11T14:01:39Z" name="testNewOwnerForm" finished-at="2020-05-11T14:01:49Z" duration-ms="9924" status="PASS">
          <reporter-output>
          </reporter-output>
        </test-method> <!-- testNewOwnerForm -->
        <test-method is-config="true" signature="tearDown()[pri:0, instance:selenium.automation.test.PetClinicTest@c267ef4]" started-at="2020-05-11T14:01:49Z" name="tearDown" finished-at="2020-05-11T14:01:49Z" duration-ms="563" status="PASS">
          <reporter-output>
          </reporter-output>
        </test-method> <!-- tearDown -->
      </class> <!-- selenium.automation.test.PetClinicTest -->
    </test> <!-- petclinic test -->
  </suite> <!-- PetClinic Suite -->
</testng-results>
